This file contains any messages produced by compilers while
running configure, to aid debugging if configure makes a mistake.

It was created by configure, which was
generated by GNU Autoconf 2.61.  Invocation command line was

  $ ./configure --with-apache=/Users/terzeron/temp/apache/apache2

## --------- ##
## Platform. ##
## --------- ##

hostname = yicho.local
uname -m = i386
uname -r = 10.7.0
uname -s = Darwin
uname -v = Darwin Kernel Version 10.7.0: Sat Jan 29 15:17:16 PST 2011; root:xnu-1504.9.37~1/RELEASE_I386

/usr/bin/uname -p = i386
/bin/uname -X     = unknown

/bin/arch              = unknown
/usr/bin/arch -k       = unknown
/usr/convex/getsysinfo = unknown
/usr/bin/hostinfo      = Mach kernel version:
	 Darwin Kernel Version 10.7.0: Sat Jan 29 15:17:16 PST 2011; root:xnu-1504.9.37~1/RELEASE_I386
Kernel configured for up to 2 processors.
2 processors are physically available.
2 processors are logically available.
Processor type: i486 (Intel 80486)
Processors active: 0 1
Primary memory available: 4.00 gigabytes
Default processor set: 98 tasks, 446 threads, 2 processors
Load average: 1.21, Mach factor: 0.79
/bin/machine           = unknown
/usr/bin/oslevel       = unknown
/bin/universe          = unknown

PATH: .
PATH: /usr/local/bin
PATH: /usr/local/sbin
PATH: /bin
PATH: /sbin
PATH: /usr/bin
PATH: /usr/sbin


## ----------- ##
## Core tests. ##
## ----------- ##

configure:1952: checking for a BSD-compatible install
configure:2008: result: /usr/bin/install -c
configure:2019: checking whether build environment is sane
configure:2062: result: yes
configure:2090: checking for a thread-safe mkdir -p
configure:2129: result: ./install-sh -c -d
configure:2142: checking for gawk
configure:2172: result: no
configure:2142: checking for mawk
configure:2172: result: no
configure:2142: checking for nawk
configure:2172: result: no
configure:2142: checking for awk
configure:2158: found /usr/bin/awk
configure:2169: result: awk
configure:2180: checking whether make sets $(MAKE)
configure:2201: result: yes
configure:2439: checking for gcc
configure:2455: found /usr/bin/gcc
configure:2466: result: gcc
configure:2704: checking for C compiler version
configure:2711: gcc --version >&5
i686-apple-darwin10-gcc-4.2.1 (GCC) 4.2.1 (Apple Inc. build 5659)
Copyright (C) 2007 Free Software Foundation, Inc.
This is free software; see the source for copying conditions.  There is NO
warranty; not even for MERCHANTABILITY or FITNESS FOR A PARTICULAR PURPOSE.

configure:2714: $? = 0
configure:2721: gcc -v >&5
Using built-in specs.
Target: i686-apple-darwin10
Configured with: /var/tmp/gcc/gcc-5659~1/src/configure --disable-checking --enable-werror --prefix=/usr --mandir=/share/man --enable-languages=c,objc,c++,obj-c++ --program-transform-name=/^[cg][^.-]*$/s/$/-4.2/ --with-slibdir=/usr/lib --build=i686-apple-darwin10 --program-prefix=i686-apple-darwin10- --host=x86_64-apple-darwin10 --target=i686-apple-darwin10 --with-gxx-include-dir=/include/c++/4.2.1
Thread model: posix
gcc version 4.2.1 (Apple Inc. build 5659)
configure:2724: $? = 0
configure:2731: gcc -V >&5
gcc-4.2: argument to `-V' is missing
configure:2734: $? = 1
configure:2757: checking for C compiler default output file name
configure:2784: gcc    conftest.c  >&5
configure:2787: $? = 0
configure:2825: result: a.out
configure:2842: checking whether the C compiler works
configure:2852: ./a.out
configure:2855: $? = 0
configure:2872: result: yes
configure:2879: checking whether we are cross compiling
configure:2881: result: no
configure:2884: checking for suffix of executables
configure:2891: gcc -o conftest    conftest.c  >&5
configure:2894: $? = 0
configure:2918: result: 
configure:2924: checking for suffix of object files
configure:2950: gcc -c   conftest.c >&5
configure:2953: $? = 0
configure:2976: result: o
configure:2980: checking whether we are using the GNU C compiler
configure:3009: gcc -c   conftest.c >&5
configure:3015: $? = 0
configure:3032: result: yes
configure:3037: checking whether gcc accepts -g
configure:3067: gcc -c -g  conftest.c >&5
configure:3073: $? = 0
configure:3172: result: yes
configure:3189: checking for gcc option to accept ISO C89
configure:3263: gcc  -c -g -O2  conftest.c >&5
configure:3269: $? = 0
configure:3292: result: none needed
configure:3321: checking for style of include used by make
configure:3349: result: GNU
configure:3374: checking dependency style of gcc
configure:3465: result: gcc3
configure:3511: checking build system type
configure:3529: result: i386-apple-darwin10.7.0
configure:3551: checking host system type
configure:3566: result: i386-apple-darwin10.7.0
configure:3588: checking for a sed that does not truncate output
configure:3667: result: /usr/bin/sed
configure:3685: checking for grep that handles long lines and -e
configure:3759: result: /usr/bin/grep
configure:3764: checking for egrep
configure:3842: result: /usr/bin/grep -E
configure:3847: checking for fgrep
configure:3925: result: /usr/bin/grep -F
configure:3960: checking for ld used by gcc
configure:4027: result: /usr/libexec/gcc/i686-apple-darwin10/4.2.1/ld
configure:4036: checking if the linker (/usr/libexec/gcc/i686-apple-darwin10/4.2.1/ld) is GNU ld
configure:4051: result: no
configure:4063: checking for BSD- or MS-compatible name lister (nm)
configure:4112: result: /usr/bin/nm
configure:4234: checking the name lister (/usr/bin/nm) interface
configure:4241: gcc -c -g -O2  conftest.c >&5
configure:4244: /usr/bin/nm "conftest.o"
configure:4247: output
000000000000018c D _some_variable
configure:4254: result: BSD nm
configure:4257: checking whether ln -s works
configure:4261: result: yes
configure:4269: checking the maximum length of command line arguments
configure:4389: result: 196608
configure:4406: checking whether the shell understands some XSI constructs
configure:4416: result: yes
configure:4420: checking whether the shell understands "+="
configure:4426: result: yes
configure:4461: checking for /usr/libexec/gcc/i686-apple-darwin10/4.2.1/ld option to reload object files
configure:4468: result: -r
configure:4495: checking how to recognize dependent libraries
configure:4685: result: pass_all
configure:4745: checking for ar
configure:4761: found /usr/bin/ar
configure:4772: result: ar
configure:4854: checking for strip
configure:4870: found /usr/bin/strip
configure:4881: result: strip
configure:4957: checking for ranlib
configure:4973: found /usr/bin/ranlib
configure:4984: result: ranlib
configure:5078: checking command to parse /usr/bin/nm output from gcc object
configure:5196: gcc -c -g -O2  conftest.c >&5
configure:5199: $? = 0
configure:5203: /usr/bin/nm conftest.o \| sed -n -e 's/^.*[	 ]\([BCDEGRST][BCDEGRST]*\)[	 ][	 ]*\([_A-Za-z][_A-Za-z0-9]*\)$/\1 \2 \2/p' \> conftest.nm
configure:5206: $? = 0
cannot find nm_test_var in conftest.nm
configure:5196: gcc -c -g -O2  conftest.c >&5
configure:5199: $? = 0
configure:5203: /usr/bin/nm conftest.o \| sed -n -e 's/^.*[	 ]\([BCDEGRST][BCDEGRST]*\)[	 ][	 ]*_\([_A-Za-z][_A-Za-z0-9]*\)$/\1 _\2 \2/p' \> conftest.nm
configure:5206: $? = 0
configure:5260: gcc -o conftest -g -O2   conftest.c conftstm.o >&5
configure:5263: $? = 0
configure:5301: result: ok
configure:5591: checking for dsymutil
configure:5607: found /usr/bin/dsymutil
configure:5618: result: dsymutil
configure:5687: checking for nmedit
configure:5703: found /usr/bin/nmedit
configure:5714: result: nmedit
configure:5783: checking for lipo
configure:5799: found /usr/bin/lipo
configure:5810: result: lipo
configure:5879: checking for otool
configure:5895: found /usr/bin/otool
configure:5906: result: otool
configure:5975: checking for otool64
configure:6005: result: no
configure:6054: checking for -single_module linker flag
gcc -g -O2  -o libconftest.dylib -dynamiclib -Wl,-single_module conftest.c
configure:6081: result: yes
configure:6083: checking for -exported_symbols_list linker flag
configure:6113: gcc -o conftest -g -O2   -Wl,-exported_symbols_list,conftest.sym conftest.c  >&5
configure:6119: $? = 0
configure:6138: result: yes
configure:6180: checking how to run the C preprocessor
configure:6220: gcc -E  conftest.c
configure:6226: $? = 0
configure:6257: gcc -E  conftest.c
conftest.c:10:28: error: ac_nonexistent.h: No such file or directory
configure:6263: $? = 1
configure: failed program was:
| /* confdefs.h.  */
| #define PACKAGE_NAME ""
| #define PACKAGE_TARNAME ""
| #define PACKAGE_VERSION ""
| #define PACKAGE_STRING ""
| #define PACKAGE_BUGREPORT ""
| #define PACKAGE "mod_tut1"
| #define VERSION "1.0"
| /* end confdefs.h.  */
| #include <ac_nonexistent.h>
configure:6296: result: gcc -E
configure:6325: gcc -E  conftest.c
configure:6331: $? = 0
configure:6362: gcc -E  conftest.c
conftest.c:10:28: error: ac_nonexistent.h: No such file or directory
configure:6368: $? = 1
configure: failed program was:
| /* confdefs.h.  */
| #define PACKAGE_NAME ""
| #define PACKAGE_TARNAME ""
| #define PACKAGE_VERSION ""
| #define PACKAGE_STRING ""
| #define PACKAGE_BUGREPORT ""
| #define PACKAGE "mod_tut1"
| #define VERSION "1.0"
| /* end confdefs.h.  */
| #include <ac_nonexistent.h>
configure:6406: checking for ANSI C header files
configure:6436: gcc -c -g -O2  conftest.c >&5
configure:6442: $? = 0
configure:6541: gcc -o conftest -g -O2   conftest.c  >&5
configure:6544: $? = 0
configure:6550: ./conftest
configure:6553: $? = 0
configure:6570: result: yes
configure:6594: checking for sys/types.h
configure:6615: gcc -c -g -O2  conftest.c >&5
configure:6621: $? = 0
configure:6637: result: yes
configure:6594: checking for sys/stat.h
configure:6615: gcc -c -g -O2  conftest.c >&5
configure:6621: $? = 0
configure:6637: result: yes
configure:6594: checking for stdlib.h
configure:6615: gcc -c -g -O2  conftest.c >&5
configure:6621: $? = 0
configure:6637: result: yes
configure:6594: checking for string.h
configure:6615: gcc -c -g -O2  conftest.c >&5
configure:6621: $? = 0
configure:6637: result: yes
configure:6594: checking for memory.h
configure:6615: gcc -c -g -O2  conftest.c >&5
configure:6621: $? = 0
configure:6637: result: yes
configure:6594: checking for strings.h
configure:6615: gcc -c -g -O2  conftest.c >&5
configure:6621: $? = 0
configure:6637: result: yes
configure:6594: checking for inttypes.h
configure:6615: gcc -c -g -O2  conftest.c >&5
configure:6621: $? = 0
configure:6637: result: yes
configure:6594: checking for stdint.h
configure:6615: gcc -c -g -O2  conftest.c >&5
configure:6621: $? = 0
configure:6637: result: yes
configure:6594: checking for unistd.h
configure:6615: gcc -c -g -O2  conftest.c >&5
configure:6621: $? = 0
configure:6637: result: yes
configure:6653: checking for dlfcn.h
configure:6674: gcc -c -g -O2  conftest.c >&5
configure:6680: $? = 0
configure:6696: result: yes
configure:6880: checking for objdir
configure:6895: result: .libs
configure:7187: checking if gcc supports -fno-rtti -fno-exceptions
configure:7205: gcc -c -g -O2  -fno-rtti -fno-exceptions conftest.c >&5
cc1: warning: command line option "-fno-rtti" is valid for C++/ObjC++ but not for C
configure:7209: $? = 0
configure:7222: result: no
configure:7242: checking for gcc option to produce PIC
configure:7499: result: -fno-common -DPIC
configure:7511: checking if gcc PIC flag -fno-common -DPIC works
configure:7529: gcc -c -g -O2  -fno-common -DPIC -DPIC conftest.c >&5
configure:7533: $? = 0
configure:7546: result: yes
configure:7570: checking if gcc static flag -static works
configure:7598: result: no
configure:7613: checking if gcc supports -c -o file.o
configure:7634: gcc -c -g -O2  -o out/conftest2.o conftest.c >&5
configure:7638: $? = 0
configure:7660: result: yes
configure:7668: checking if gcc supports -c -o file.o
configure:7715: result: yes
configure:7748: checking whether the gcc linker (/usr/libexec/gcc/i686-apple-darwin10/4.2.1/ld) supports shared libraries
configure:8802: result: yes
configure:9041: checking dynamic linker characteristics
configure:9720: result: darwin10.7.0 dyld
configure:9822: checking how to hardcode library paths into programs
configure:9847: result: immediate
configure:10660: checking whether stripping libraries is possible
configure:10674: result: yes
configure:10700: checking if libtool supports shared libraries
configure:10702: result: yes
configure:10705: checking whether to build shared libraries
configure:10726: result: yes
configure:10729: checking whether to build static libraries
configure:10733: result: yes
configure:10786: checking for Apache directory
configure:10797: result: APACHE found!
configure:10959: creating ./config.status

## ---------------------- ##
## Running config.status. ##
## ---------------------- ##

This file was extended by config.status, which was
generated by GNU Autoconf 2.61.  Invocation command line was

  CONFIG_FILES    = 
  CONFIG_HEADERS  = 
  CONFIG_LINKS    = 
  CONFIG_COMMANDS = 
  $ ./config.status 

on yicho.local

config.status:827: creating Makefile
config.status:1018: executing depfiles commands
config.status:1018: executing libtool commands

## ---------------- ##
## Cache variables. ##
## ---------------- ##

ac_cv_build=i386-apple-darwin10.7.0
ac_cv_c_compiler_gnu=yes
ac_cv_env_CC_set=
ac_cv_env_CC_value=
ac_cv_env_CFLAGS_set=
ac_cv_env_CFLAGS_value=
ac_cv_env_CPPFLAGS_set=
ac_cv_env_CPPFLAGS_value=
ac_cv_env_CPP_set=
ac_cv_env_CPP_value=
ac_cv_env_LDFLAGS_set=
ac_cv_env_LDFLAGS_value=
ac_cv_env_LIBS_set=
ac_cv_env_LIBS_value=
ac_cv_env_build_alias_set=
ac_cv_env_build_alias_value=
ac_cv_env_host_alias_set=
ac_cv_env_host_alias_value=
ac_cv_env_target_alias_set=
ac_cv_env_target_alias_value=
ac_cv_header_dlfcn_h=yes
ac_cv_header_inttypes_h=yes
ac_cv_header_memory_h=yes
ac_cv_header_stdc=yes
ac_cv_header_stdint_h=yes
ac_cv_header_stdlib_h=yes
ac_cv_header_string_h=yes
ac_cv_header_strings_h=yes
ac_cv_header_sys_stat_h=yes
ac_cv_header_sys_types_h=yes
ac_cv_header_unistd_h=yes
ac_cv_host=i386-apple-darwin10.7.0
ac_cv_objext=o
ac_cv_path_EGREP='/usr/bin/grep -E'
ac_cv_path_FGREP='/usr/bin/grep -F'
ac_cv_path_GREP=/usr/bin/grep
ac_cv_path_SED=/usr/bin/sed
ac_cv_path_install='/usr/bin/install -c'
ac_cv_prog_AWK=awk
ac_cv_prog_CPP='gcc -E'
ac_cv_prog_ac_ct_AR=ar
ac_cv_prog_ac_ct_CC=gcc
ac_cv_prog_ac_ct_DSYMUTIL=dsymutil
ac_cv_prog_ac_ct_LIPO=lipo
ac_cv_prog_ac_ct_NMEDIT=nmedit
ac_cv_prog_ac_ct_OTOOL=otool
ac_cv_prog_ac_ct_RANLIB=ranlib
ac_cv_prog_ac_ct_STRIP=strip
ac_cv_prog_cc_c89=
ac_cv_prog_cc_g=yes
ac_cv_prog_make_make_set=yes
am_cv_CC_dependencies_compiler_type=gcc3
lt_cv_apple_cc_single_mod=yes
lt_cv_deplibs_check_method=pass_all
lt_cv_file_magic_cmd='$MAGIC_CMD'
lt_cv_file_magic_test_file=
lt_cv_ld_exported_symbols_list=yes
lt_cv_ld_reload_flag=-r
lt_cv_nm_interface='BSD nm'
lt_cv_objdir=.libs
lt_cv_path_LD=/usr/libexec/gcc/i686-apple-darwin10/4.2.1/ld
lt_cv_path_NM=/usr/bin/nm
lt_cv_prog_compiler_c_o=yes
lt_cv_prog_compiler_pic_works=yes
lt_cv_prog_compiler_rtti_exceptions=no
lt_cv_prog_compiler_static_works=no
lt_cv_prog_gnu_ld=no
lt_cv_sys_global_symbol_pipe='sed -n -e '\''s/^.*[	 ]\([BCDEGRST][BCDEGRST]*\)[	 ][	 ]*_\([_A-Za-z][_A-Za-z0-9]*\)$/\1 _\2 \2/p'\'''
lt_cv_sys_global_symbol_to_c_name_address='sed -n -e '\''s/^: \([^ ]*\) $/  {\"\1\", (void *) 0},/p'\'' -e '\''s/^[BCDEGRST]* \([^ ]*\) \([^ ]*\)$/  {"\2", (void *) \&\2},/p'\'''
lt_cv_sys_global_symbol_to_c_name_address_lib_prefix='sed -n -e '\''s/^: \([^ ]*\) $/  {\"\1\", (void *) 0},/p'\'' -e '\''s/^[BCDEGRST]* \([^ ]*\) \(lib[^ ]*\)$/  {"\2", (void *) \&\2},/p'\'' -e '\''s/^[BCDEGRST]* \([^ ]*\) \([^ ]*\)$/  {"lib\2", (void *) \&\2},/p'\'''
lt_cv_sys_global_symbol_to_cdecl='sed -n -e '\''s/^T .* \(.*\)$/extern int \1();/p'\'' -e '\''s/^[BCDEGRST]* .* \(.*\)$/extern char \1;/p'\'''
lt_cv_sys_max_cmd_len=196608

## ----------------- ##
## Output variables. ##
## ----------------- ##

ACLOCAL='${SHELL} /Users/terzeron/temp/apache/apache2_modules/tut1/missing --run aclocal-1.10'
AMDEPBACKSLASH='\'
AMDEP_FALSE='#'
AMDEP_TRUE=''
AMTAR='${SHELL} /Users/terzeron/temp/apache/apache2_modules/tut1/missing --run tar'
AR='ar'
AUTOCONF='${SHELL} /Users/terzeron/temp/apache/apache2_modules/tut1/missing --run autoconf'
AUTOHEADER='${SHELL} /Users/terzeron/temp/apache/apache2_modules/tut1/missing --run autoheader'
AUTOMAKE='${SHELL} /Users/terzeron/temp/apache/apache2_modules/tut1/missing --run automake-1.10'
AWK='awk'
CC='gcc'
CCDEPMODE='depmode=gcc3'
CFLAGS='-g -O2'
CPP='gcc -E'
CPPFLAGS=''
CYGPATH_W='echo'
DEFS='-DPACKAGE_NAME=\"\" -DPACKAGE_TARNAME=\"\" -DPACKAGE_VERSION=\"\" -DPACKAGE_STRING=\"\" -DPACKAGE_BUGREPORT=\"\" -DPACKAGE=\"mod_tut1\" -DVERSION=\"1.0\" -DSTDC_HEADERS=1 -DHAVE_SYS_TYPES_H=1 -DHAVE_SYS_STAT_H=1 -DHAVE_STDLIB_H=1 -DHAVE_STRING_H=1 -DHAVE_MEMORY_H=1 -DHAVE_STRINGS_H=1 -DHAVE_INTTYPES_H=1 -DHAVE_STDINT_H=1 -DHAVE_UNISTD_H=1 -DHAVE_DLFCN_H=1 -DLT_OBJDIR=\".libs/\"'
DEPDIR='.deps'
DSYMUTIL='dsymutil'
DUMPBIN=''
ECHO_C='ECHO_N=''
ECHO_T=''
EGREP='/usr/bin/grep -E'
EXEEXT=''
FGREP='/usr/bin/grep -F'
GREP='/usr/bin/grep'
INSTALL_DATA='${INSTALL} -m 644'
INSTALL_PROGRAM='${INSTALL}'
INSTALL_SCRIPT='${INSTALL}'
INSTALL_STRIP_PROGRAM='$(install_sh) -c -s'
LD='/usr/libexec/gcc/i686-apple-darwin10/4.2.1/ld'
LDFLAGS=''
LIBOBJS=''
LIBS=''
LIBTOOL='$(SHELL) $(top_builddir)/libtool'
LIPO='lipo'
LN_S='ln -s'
LTLIBOBJS=''
MAKEINFO='${SHELL} /Users/terzeron/temp/apache/apache2_modules/tut1/missing --run makeinfo'
NM='/usr/bin/nm'
NMEDIT='nmedit'
OBJEXT='o'
OTOOL64=':'
OTOOL='otool'
PACKAGE='mod_tut1'
PACKAGE_BUGREPORT=''
PACKAGE_NAME=''
PACKAGE_STRING=''
PACKAGE_TARNAME=''
PACKAGE_VERSION=''
PATH_SEPARATOR=':'
RANLIB='ranlib'
SED='/usr/bin/sed'
SET_MAKE=''
SHELL='/bin/sh'
STRIP='strip'
VERSION='1.0'
ac_ct_CC='gcc'
ac_ct_DUMPBIN=''
am__fastdepCC_FALSE='#'
am__fastdepCC_TRUE=''
am__include='include'
am__isrc=''
am__leading_dot='.'
am__quote=''
am__tar='${AMTAR} chof - "$$tardir"'
am__untar='${AMTAR} xf -'
apache_dir='/Users/terzeron/temp/apache/apache2'
bindir='${exec_prefix}/bin'
build='i386-apple-darwin10.7.0'
build_alias=''
build_cpu='i386'
build_os='darwin10.7.0'
build_vendor='apple'
datadir='${datarootdir}'
datarootdir='${prefix}/share'
docdir='${datarootdir}/doc/${PACKAGE}'
dvidir='${docdir}'
exec_prefix='${prefix}'
host='i386-apple-darwin10.7.0'
host_alias=''
host_cpu='i386'
host_os='darwin10.7.0'
host_vendor='apple'
htmldir='${docdir}'
includedir='${prefix}/include'
infodir='${datarootdir}/info'
install_sh='$(SHELL) /Users/terzeron/temp/apache/apache2_modules/tut1/install-sh'
libdir='${exec_prefix}/lib'
libexecdir='${exec_prefix}/libexec'
localedir='${datarootdir}/locale'
localstatedir='${prefix}/var'
lt_ECHO='/bin/echo'
mandir='${datarootdir}/man'
mkdir_p='$(top_builddir)/./install-sh -c -d'
oldincludedir='/usr/include'
pdfdir='${docdir}'
prefix='/usr/local'
program_transform_name='s,x,x,'
psdir='${docdir}'
sbindir='${exec_prefix}/sbin'
sharedstatedir='${prefix}/com'
sysconfdir='${prefix}/etc'
target_alias=''

## ----------- ##
## confdefs.h. ##
## ----------- ##

#define PACKAGE_NAME ""
#define PACKAGE_TARNAME ""
#define PACKAGE_VERSION ""
#define PACKAGE_STRING ""
#define PACKAGE_BUGREPORT ""
#define PACKAGE "mod_tut1"
#define VERSION "1.0"
#define STDC_HEADERS 1
#define HAVE_SYS_TYPES_H 1
#define HAVE_SYS_STAT_H 1
#define HAVE_STDLIB_H 1
#define HAVE_STRING_H 1
#define HAVE_MEMORY_H 1
#define HAVE_STRINGS_H 1
#define HAVE_INTTYPES_H 1
#define HAVE_STDINT_H 1
#define HAVE_UNISTD_H 1
#define HAVE_DLFCN_H 1
#define LT_OBJDIR ".libs/"

configure: exit 0
